# JRE version: OpenJDK Runtime Environment Temurin-21.0.10+7 (21.0.10+7) (build 21.0.10+7-LTS)
# Java VM: OpenJDK 64-Bit Server VM Temurin-21.0.10+7 (21.0.10+7-LTS, mixed mode, sharing, tiered, compressed oops, compressed class ptrs, g1 gc, windows-amd64)
GC Precious Log:
 CardTable entry size: 512
 Card Set container configuration: InlinePtr #cards 5 size 8 Array Of Cards #cards 12 size 40 Howl #buckets 4 coarsen threshold 1843 Howl Bitmap #cards 512 size 80 coarsen threshold 460 Card regions per heap region 1 cards per card region 2048
 CPUs: 16 total, 16 available
 Memory: 7501M
 Large Page Support: Disabled
 NUMA Support: Disabled
 Compressed Oops: Enabled (32-bit)
 Heap Region Size: 1M
 Heap Min Capacity: 256M
 Heap Initial Capacity: 256M
 Heap Max Capacity: 512M
 Pre-touch: Disabled
 Parallel Workers: 13
 Concurrent Workers: 3
 Concurrent Refinement Workers: 13
 Periodic GC: Disabled
Heap:
 garbage-first heap   total 262144K, used 90138K [0x00000000e0000000, 0x0000000100000000)
  region size 1024K, 62 young (63488K), 20 survivors (20480K)
 Metaspace       used 60613K, committed 62912K, reserved 393216K
  class space    used 9258K, committed 10368K, reserved 327680K
GC Heap History (14 events):
Event: 0.527 GC heap before
{Heap before GC invocations=0 (full 0):
 garbage-first heap   total 262144K, used 22528K [0x00000000e0000000, 0x0000000100000000)
  region size 1024K, 23 young (23552K), 0 survivors (0K)
 Metaspace       used 894K, committed 1024K, reserved 393216K
  class space    used 70K, committed 128K, reserved 327680K
}
Event: 0.529 GC heap after
{Heap after GC invocations=1 (full 0):
 garbage-first heap   total 262144K, used 1578K [0x00000000e0000000, 0x0000000100000000)
  region size 1024K, 2 young (2048K), 2 survivors (2048K)
 Metaspace       used 894K, committed 1024K, reserved 393216K
  class space    used 70K, committed 128K, reserved 327680K
}
Event: 2.957 GC heap before
{Heap before GC invocations=1 (full 0):
 garbage-first heap   total 262144K, used 41514K [0x00000000e0000000, 0x0000000100000000)
  region size 1024K, 38 young (38912K), 2 survivors (2048K)
 Metaspace       used 4618K, committed 4800K, reserved 393216K
  class space    used 581K, committed 704K, reserved 327680K
}
Event: 2.964 GC heap after
{Heap after GC invocations=2 (full 0):
 garbage-first heap   total 262144K, used 11393K [0x00000000e0000000, 0x0000000100000000)
  region size 1024K, 5 young (5120K), 5 survivors (5120K)
 Metaspace       used 4618K, committed 4800K, reserved 393216K
  class space    used 581K, committed 704K, reserved 327680K
}
Event: 5.556 GC heap before
{Heap before GC invocations=2 (full 0):
 garbage-first heap   total 262144K, used 82049K [0x00000000e0000000, 0x0000000100000000)
  region size 1024K, 73 young (74752K), 5 survivors (5120K)
 Metaspace       used 10027K, committed 10368K, reserved 393216K
  class space    used 1340K, committed 1472K, reserved 327680K
}
Event: 5.569 GC heap after
{Heap after GC invocations=3 (full 0):
 garbage-first heap   total 262144K, used 19456K [0x00000000e0000000, 0x0000000100000000)
  region size 1024K, 10 young (10240K), 10 survivors (10240K)
 Metaspace       used 10027K, committed 10368K, reserved 393216K
  class space    used 1340K, committed 1472K, reserved 327680K
}
Event: 9.729 GC heap before
{Heap before GC invocations=3 (full 0):
 garbage-first heap   total 262144K, used 86016K [0x00000000e0000000, 0x0000000100000000)
  region size 1024K, 75 young (76800K), 10 survivors (10240K)
 Metaspace       used 20903K, committed 21504K, reserved 393216K
  class space    used 2883K, committed 3200K, reserved 327680K
}
Event: 9.738 GC heap after
{Heap after GC invocations=4 (full 0):
 garbage-first heap   total 262144K, used 24189K [0x00000000e0000000, 0x0000000100000000)
  region size 1024K, 15 young (15360K), 15 survivors (15360K)
 Metaspace       used 20903K, committed 21504K, reserved 393216K
  class space    used 2883K, committed 3200K, reserved 327680K
}
Event: 13.297 GC heap before
{Heap before GC invocations=5 (full 0):
 garbage-first heap   total 262144K, used 132733K [0x00000000e0000000, 0x0000000100000000)
  region size 1024K, 123 young (125952K), 15 survivors (15360K)
 Metaspace       used 34658K, committed 35968K, reserved 393216K
  class space    used 5176K, committed 5824K, reserved 327680K
}
Event: 13.311 GC heap after
{Heap after GC invocations=6 (full 0):
 garbage-first heap   total 262144K, used 30524K [0x00000000e0000000, 0x0000000100000000)
  region size 1024K, 16 young (16384K), 16 survivors (16384K)
 Metaspace       used 34658K, committed 35968K, reserved 393216K
  class space    used 5176K, committed 5824K, reserved 327680K
}
Event: 18.594 GC heap before
{Heap before GC invocations=7 (full 0):
 garbage-first heap   total 262144K, used 169788K [0x00000000e0000000, 0x0000000100000000)
  region size 1024K, 153 young (156672K), 16 survivors (16384K)
 Metaspace       used 50802K, committed 52800K, reserved 393216K
  class space    used 7662K, committed 8640K, reserved 327680K
}
Event: 18.610 GC heap after
{Heap after GC invocations=8 (full 0):
 garbage-first heap   total 262144K, used 40219K [0x00000000e0000000, 0x0000000100000000)
  region size 1024K, 20 young (20480K), 20 survivors (20480K)
 Metaspace       used 50802K, committed 52800K, reserved 393216K
  class space    used 7662K, committed 8640K, reserved 327680K
}
Event: 21.154 GC heap before
{Heap before GC invocations=8 (full 0):
 garbage-first heap   total 262144K, used 146715K [0x00000000e0000000, 0x0000000100000000)
  region size 1024K, 125 young (128000K), 20 survivors (20480K)
 Metaspace       used 57878K, committed 60096K, reserved 393216K
  class space    used 8883K, committed 9984K, reserved 327680K
}
Event: 21.175 GC heap after
{Heap after GC invocations=9 (full 0):
 garbage-first heap   total 262144K, used 49178K [0x00000000e0000000, 0x0000000100000000)
  region size 1024K, 20 young (20480K), 20 survivors (20480K)
 Metaspace       used 57878K, committed 60096K, reserved 393216K
  class space    used 8883K, committed 9984K, reserved 327680K
}

