# JRE version: OpenJDK Runtime Environment Temurin-21.0.10+7 (21.0.10+7) (build 21.0.10+7-LTS)
# Java VM: OpenJDK 64-Bit Server VM Temurin-21.0.10+7 (21.0.10+7-LTS, mixed mode, sharing, tiered, compressed oops, compressed class ptrs, parallel gc, windows-amd64)
GC Precious Log:
 CardTable entry size: 512
 CPUs: 16 total, 16 available
 Memory: 7501M
 Large Page Support: Disabled
 NUMA Support: Disabled
 Compressed Oops: Enabled (32-bit)
 Alignments: Space 512K, Generation 512K, Heap 2M
 Heap Min Capacity: 100M
 Heap Initial Capacity: 100M
 Heap Max Capacity: 2G
 Pre-touch: Disabled
 Parallel Workers: 13
Heap:
 PSYoungGen      total 14336K, used 12388K [0x00000000d5580000, 0x00000000d6500000, 0x0000000100000000)
  eden space 12800K, 87% used [0x00000000d5580000,0x00000000d6079380,0x00000000d6200000)
  from space 1536K, 75% used [0x00000000d6380000,0x00000000d64a0020,0x00000000d6500000)
  to   space 1536K, 0% used [0x00000000d6200000,0x00000000d6200000,0x00000000d6380000)
 ParOldGen       total 68608K, used 60649K [0x0000000080000000, 0x0000000084300000, 0x00000000d5580000)
  object space 68608K, 88% used [0x0000000080000000,0x0000000083b3a658,0x0000000084300000)
 Metaspace       used 72487K, committed 74048K, reserved 1179648K
  class space    used 8367K, committed 9088K, reserved 1048576K
GC Heap History (20 events):
Event: 22.625 GC heap before
{Heap before GC invocations=54 (full 3):
 PSYoungGen      total 14336K, used 14239K [0x00000000d5580000, 0x00000000d6580000, 0x0000000100000000)
  eden space 13312K, 100% used [0x00000000d5580000,0x00000000d6280000,0x00000000d6280000)
  from space 1024K, 90% used [0x00000000d6480000,0x00000000d6567dc0,0x00000000d6580000)
  to   space 1536K, 0% used [0x00000000d6280000,0x00000000d6280000,0x00000000d6400000)
 ParOldGen       total 68608K, used 55437K [0x0000000080000000, 0x0000000084300000, 0x00000000d5580000)
  object space 68608K, 80% used [0x0000000080000000,0x0000000083623730,0x0000000084300000)
 Metaspace       used 64586K, committed 65984K, reserved 1114112K
  class space    used 7507K, committed 8128K, reserved 1048576K
}
Event: 22.627 GC heap after
{Heap after GC invocations=54 (full 3):
 PSYoungGen      total 14848K, used 416K [0x00000000d5580000, 0x00000000d6500000, 0x0000000100000000)
  eden space 13312K, 0% used [0x00000000d5580000,0x00000000d5580000,0x00000000d6280000)
  from space 1536K, 27% used [0x00000000d6280000,0x00000000d62e8000,0x00000000d6400000)
  to   space 1024K, 0% used [0x00000000d6400000,0x00000000d6400000,0x00000000d6500000)
 ParOldGen       total 68608K, used 56209K [0x0000000080000000, 0x0000000084300000, 0x00000000d5580000)
  object space 68608K, 81% used [0x0000000080000000,0x00000000836e47b8,0x0000000084300000)
 Metaspace       used 64586K, committed 65984K, reserved 1114112K
  class space    used 7507K, committed 8128K, reserved 1048576K
}
Event: 22.682 GC heap before
{Heap before GC invocations=55 (full 3):
 PSYoungGen      total 14848K, used 13728K [0x00000000d5580000, 0x00000000d6500000, 0x0000000100000000)
  eden space 13312K, 100% used [0x00000000d5580000,0x00000000d6280000,0x00000000d6280000)
  from space 1536K, 27% used [0x00000000d6280000,0x00000000d62e8000,0x00000000d6400000)
  to   space 1024K, 0% used [0x00000000d6400000,0x00000000d6400000,0x00000000d6500000)
 ParOldGen       total 68608K, used 56209K [0x0000000080000000, 0x0000000084300000, 0x00000000d5580000)
  object space 68608K, 81% used [0x0000000080000000,0x00000000836e47b8,0x0000000084300000)
 Metaspace       used 64590K, committed 65984K, reserved 1114112K
  class space    used 7507K, committed 8128K, reserved 1048576K
}
Event: 22.684 GC heap after
{Heap after GC invocations=55 (full 3):
 PSYoungGen      total 14336K, used 612K [0x00000000d5580000, 0x00000000d6500000, 0x0000000100000000)
  eden space 13312K, 0% used [0x00000000d5580000,0x00000000d5580000,0x00000000d6280000)
  from space 1024K, 59% used [0x00000000d6400000,0x00000000d64993c8,0x00000000d6500000)
  to   space 1024K, 0% used [0x00000000d6300000,0x00000000d6300000,0x00000000d6400000)
 ParOldGen       total 68608K, used 56435K [0x0000000080000000, 0x0000000084300000, 0x00000000d5580000)
  object space 68608K, 82% used [0x0000000080000000,0x000000008371ce68,0x0000000084300000)
 Metaspace       used 64590K, committed 65984K, reserved 1114112K
  class space    used 7507K, committed 8128K, reserved 1048576K
}
Event: 22.846 GC heap before
{Heap before GC invocations=56 (full 3):
 PSYoungGen      total 14336K, used 13914K [0x00000000d5580000, 0x00000000d6500000, 0x0000000100000000)
  eden space 13312K, 99% used [0x00000000d5580000,0x00000000d627d7a8,0x00000000d6280000)
  from space 1024K, 59% used [0x00000000d6400000,0x00000000d64993c8,0x00000000d6500000)
  to   space 1024K, 0% used [0x00000000d6300000,0x00000000d6300000,0x00000000d6400000)
 ParOldGen       total 68608K, used 56435K [0x0000000080000000, 0x0000000084300000, 0x00000000d5580000)
  object space 68608K, 82% used [0x0000000080000000,0x000000008371ce68,0x0000000084300000)
 Metaspace       used 65649K, committed 67136K, reserved 1114112K
  class space    used 7647K, committed 8320K, reserved 1048576K
}
Event: 22.847 GC heap after
{Heap after GC invocations=56 (full 3):
 PSYoungGen      total 14336K, used 1018K [0x00000000d5580000, 0x00000000d6680000, 0x0000000100000000)
  eden space 13312K, 0% used [0x00000000d5580000,0x00000000d5580000,0x00000000d6280000)
  from space 1024K, 99% used [0x00000000d6300000,0x00000000d63fe860,0x00000000d6400000)
  to   space 2048K, 0% used [0x00000000d6480000,0x00000000d6480000,0x00000000d6680000)
 ParOldGen       total 68608K, used 56887K [0x0000000080000000, 0x0000000084300000, 0x00000000d5580000)
  object space 68608K, 82% used [0x0000000080000000,0x000000008378dc28,0x0000000084300000)
 Metaspace       used 65649K, committed 67136K, reserved 1114112K
  class space    used 7647K, committed 8320K, reserved 1048576K
}
Event: 22.915 GC heap before
{Heap before GC invocations=57 (full 3):
 PSYoungGen      total 14336K, used 14330K [0x00000000d5580000, 0x00000000d6680000, 0x0000000100000000)
  eden space 13312K, 100% used [0x00000000d5580000,0x00000000d6280000,0x00000000d6280000)
  from space 1024K, 99% used [0x00000000d6300000,0x00000000d63fe860,0x00000000d6400000)
  to   space 2048K, 0% used [0x00000000d6480000,0x00000000d6480000,0x00000000d6680000)
 ParOldGen       total 68608K, used 56887K [0x0000000080000000, 0x0000000084300000, 0x00000000d5580000)
  object space 68608K, 82% used [0x0000000080000000,0x000000008378dc28,0x0000000084300000)
 Metaspace       used 66466K, committed 67904K, reserved 1114112K
  class space    used 7740K, committed 8384K, reserved 1048576K
}
Event: 22.917 GC heap after
{Heap after GC invocations=57 (full 3):
 PSYoungGen      total 15360K, used 1549K [0x00000000d5580000, 0x00000000d6680000, 0x0000000100000000)
  eden space 13312K, 0% used [0x00000000d5580000,0x00000000d5580000,0x00000000d6280000)
  from space 2048K, 75% used [0x00000000d6480000,0x00000000d6603498,0x00000000d6680000)
  to   space 2048K, 0% used [0x00000000d6280000,0x00000000d6280000,0x00000000d6480000)
 ParOldGen       total 68608K, used 57621K [0x0000000080000000, 0x0000000084300000, 0x00000000d5580000)
  object space 68608K, 83% used [0x0000000080000000,0x0000000083845458,0x0000000084300000)
 Metaspace       used 66466K, committed 67904K, reserved 1114112K
  class space    used 7740K, committed 8384K, reserved 1048576K
}
Event: 22.960 GC heap before
{Heap before GC invocations=58 (full 3):
 PSYoungGen      total 15360K, used 14861K [0x00000000d5580000, 0x00000000d6680000, 0x0000000100000000)
  eden space 13312K, 100% used [0x00000000d5580000,0x00000000d6280000,0x00000000d6280000)
  from space 2048K, 75% used [0x00000000d6480000,0x00000000d6603498,0x00000000d6680000)
  to   space 2048K, 0% used [0x00000000d6280000,0x00000000d6280000,0x00000000d6480000)
 ParOldGen       total 68608K, used 57621K [0x0000000080000000, 0x0000000084300000, 0x00000000d5580000)
  object space 68608K, 83% used [0x0000000080000000,0x0000000083845458,0x0000000084300000)
 Metaspace       used 66700K, committed 68160K, reserved 1114112K
  class space    used 7777K, committed 8448K, reserved 1048576K
}
Event: 22.962 GC heap after
{Heap after GC invocations=58 (full 3):
 PSYoungGen      total 14848K, used 1065K [0x00000000d5580000, 0x00000000d6580000, 0x0000000100000000)
  eden space 13312K, 0% used [0x00000000d5580000,0x00000000d5580000,0x00000000d6280000)
  from space 1536K, 69% used [0x00000000d6280000,0x00000000d638a6c0,0x00000000d6400000)
  to   space 1536K, 0% used [0x00000000d6400000,0x00000000d6400000,0x00000000d6580000)
 ParOldGen       total 68608K, used 58524K [0x0000000080000000, 0x0000000084300000, 0x00000000d5580000)
  object space 68608K, 85% used [0x0000000080000000,0x00000000839272a0,0x0000000084300000)
 Metaspace       used 66700K, committed 68160K, reserved 1114112K
  class space    used 7777K, committed 8448K, reserved 1048576K
}
Event: 22.983 GC heap before
{Heap before GC invocations=59 (full 3):
 PSYoungGen      total 14848K, used 14377K [0x00000000d5580000, 0x00000000d6580000, 0x0000000100000000)
  eden space 13312K, 100% used [0x00000000d5580000,0x00000000d6280000,0x00000000d6280000)
  from space 1536K, 69% used [0x00000000d6280000,0x00000000d638a6c0,0x00000000d6400000)
  to   space 1536K, 0% used [0x00000000d6400000,0x00000000d6400000,0x00000000d6580000)
 ParOldGen       total 68608K, used 58524K [0x0000000080000000, 0x0000000084300000, 0x00000000d5580000)
  object space 68608K, 85% used [0x0000000080000000,0x00000000839272a0,0x0000000084300000)
 Metaspace       used 66810K, committed 68224K, reserved 1114112K
  class space    used 7794K, committed 8448K, reserved 1048576K
}
Event: 22.985 GC heap after
{Heap after GC invocations=59 (full 3):
 PSYoungGen      total 14848K, used 1419K [0x00000000d5580000, 0x00000000d6580000, 0x0000000100000000)
  eden space 13312K, 0% used [0x00000000d5580000,0x00000000d5580000,0x00000000d6280000)
  from space 1536K, 92% used [0x00000000d6400000,0x00000000d6562d78,0x00000000d6580000)
  to   space 1536K, 0% used [0x00000000d6280000,0x00000000d6280000,0x00000000d6400000)
 ParOldGen       total 68608K, used 58644K [0x0000000080000000, 0x0000000084300000, 0x00000000d5580000)
  object space 68608K, 85% used [0x0000000080000000,0x00000000839452a0,0x0000000084300000)
 Metaspace       used 66810K, committed 68224K, reserved 1114112K
  class space    used 7794K, committed 8448K, reserved 1048576K
}
Event: 23.079 GC heap before
{Heap before GC invocations=60 (full 3):
 PSYoungGen      total 14848K, used 14731K [0x00000000d5580000, 0x00000000d6580000, 0x0000000100000000)
  eden space 13312K, 100% used [0x00000000d5580000,0x00000000d6280000,0x00000000d6280000)
  from space 1536K, 92% used [0x00000000d6400000,0x00000000d6562d78,0x00000000d6580000)
  to   space 1536K, 0% used [0x00000000d6280000,0x00000000d6280000,0x00000000d6400000)
 ParOldGen       total 68608K, used 58644K [0x0000000080000000, 0x0000000084300000, 0x00000000d5580000)
  object space 68608K, 85% used [0x0000000080000000,0x00000000839452a0,0x0000000084300000)
 Metaspace       used 67985K, committed 69440K, reserved 1114112K
  class space    used 7932K, committed 8576K, reserved 1048576K
}
Event: 23.081 GC heap after
{Heap after GC invocations=60 (full 3):
 PSYoungGen      total 14336K, used 640K [0x00000000d5580000, 0x00000000d6480000, 0x0000000100000000)
  eden space 13312K, 0% used [0x00000000d5580000,0x00000000d5580000,0x00000000d6280000)
  from space 1024K, 62% used [0x00000000d6280000,0x00000000d6320020,0x00000000d6380000)
  to   space 1024K, 0% used [0x00000000d6380000,0x00000000d6380000,0x00000000d6480000)
 ParOldGen       total 68608K, used 58708K [0x0000000080000000, 0x0000000084300000, 0x00000000d5580000)
  object space 68608K, 85% used [0x0000000080000000,0x00000000839552a0,0x0000000084300000)
 Metaspace       used 67985K, committed 69440K, reserved 1114112K
  class space    used 7932K, committed 8576K, reserved 1048576K
}
Event: 23.224 GC heap before
{Heap before GC invocations=61 (full 3):
 PSYoungGen      total 14336K, used 13952K [0x00000000d5580000, 0x00000000d6480000, 0x0000000100000000)
  eden space 13312K, 100% used [0x00000000d5580000,0x00000000d6280000,0x00000000d6280000)
  from space 1024K, 62% used [0x00000000d6280000,0x00000000d6320020,0x00000000d6380000)
  to   space 1024K, 0% used [0x00000000d6380000,0x00000000d6380000,0x00000000d6480000)
 ParOldGen       total 68608K, used 58708K [0x0000000080000000, 0x0000000084300000, 0x00000000d5580000)
  object space 68608K, 85% used [0x0000000080000000,0x00000000839552a0,0x0000000084300000)
 Metaspace       used 69617K, committed 71168K, reserved 1114112K
  class space    used 8084K, committed 8768K, reserved 1048576K
}
Event: 23.227 GC heap after
{Heap after GC invocations=61 (full 3):
 PSYoungGen      total 13824K, used 1001K [0x00000000d5580000, 0x00000000d6580000, 0x0000000100000000)
  eden space 12800K, 0% used [0x00000000d5580000,0x00000000d5580000,0x00000000d6200000)
  from space 1024K, 97% used [0x00000000d6380000,0x00000000d647a760,0x00000000d6480000)
  to   space 1536K, 0% used [0x00000000d6200000,0x00000000d6200000,0x00000000d6380000)
 ParOldGen       total 68608K, used 58979K [0x0000000080000000, 0x0000000084300000, 0x00000000d5580000)
  object space 68608K, 85% used [0x0000000080000000,0x0000000083998d00,0x0000000084300000)
 Metaspace       used 69617K, committed 71168K, reserved 1114112K
  class space    used 8084K, committed 8768K, reserved 1048576K
}
Event: 23.379 GC heap before
{Heap before GC invocations=62 (full 3):
 PSYoungGen      total 13824K, used 13801K [0x00000000d5580000, 0x00000000d6580000, 0x0000000100000000)
  eden space 12800K, 100% used [0x00000000d5580000,0x00000000d6200000,0x00000000d6200000)
  from space 1024K, 97% used [0x00000000d6380000,0x00000000d647a760,0x00000000d6480000)
  to   space 1536K, 0% used [0x00000000d6200000,0x00000000d6200000,0x00000000d6380000)
 ParOldGen       total 68608K, used 58979K [0x0000000080000000, 0x0000000084300000, 0x00000000d5580000)
  object space 68608K, 85% used [0x0000000080000000,0x0000000083998d00,0x0000000084300000)
 Metaspace       used 70476K, committed 71936K, reserved 1114112K
  class space    used 8165K, committed 8832K, reserved 1048576K
}
Event: 23.381 GC heap after
{Heap after GC invocations=62 (full 3):
 PSYoungGen      total 14336K, used 1184K [0x00000000d5580000, 0x00000000d6500000, 0x0000000100000000)
  eden space 12800K, 0% used [0x00000000d5580000,0x00000000d5580000,0x00000000d6200000)
  from space 1536K, 77% used [0x00000000d6200000,0x00000000d6328000,0x00000000d6380000)
  to   space 1536K, 0% used [0x00000000d6380000,0x00000000d6380000,0x00000000d6500000)
 ParOldGen       total 68608K, used 59596K [0x0000000080000000, 0x0000000084300000, 0x00000000d5580000)
  object space 68608K, 86% used [0x0000000080000000,0x0000000083a332e8,0x0000000084300000)
 Metaspace       used 70476K, committed 71936K, reserved 1114112K
  class space    used 8165K, committed 8832K, reserved 1048576K
}
Event: 41.521 GC heap before
{Heap before GC invocations=63 (full 3):
 PSYoungGen      total 14336K, used 13984K [0x00000000d5580000, 0x00000000d6500000, 0x0000000100000000)
  eden space 12800K, 100% used [0x00000000d5580000,0x00000000d6200000,0x00000000d6200000)
  from space 1536K, 77% used [0x00000000d6200000,0x00000000d6328000,0x00000000d6380000)
  to   space 1536K, 0% used [0x00000000d6380000,0x00000000d6380000,0x00000000d6500000)
 ParOldGen       total 68608K, used 59596K [0x0000000080000000, 0x0000000084300000, 0x00000000d5580000)
  object space 68608K, 86% used [0x0000000080000000,0x0000000083a332e8,0x0000000084300000)
 Metaspace       used 71828K, committed 73408K, reserved 1114112K
  class space    used 8302K, committed 9024K, reserved 1048576K
}
Event: 41.523 GC heap after
{Heap after GC invocations=63 (full 3):
 PSYoungGen      total 14336K, used 1152K [0x00000000d5580000, 0x00000000d6500000, 0x0000000100000000)
  eden space 12800K, 0% used [0x00000000d5580000,0x00000000d5580000,0x00000000d6200000)
  from space 1536K, 75% used [0x00000000d6380000,0x00000000d64a0020,0x00000000d6500000)
  to   space 1536K, 0% used [0x00000000d6200000,0x00000000d6200000,0x00000000d6380000)
 ParOldGen       total 68608K, used 60649K [0x0000000080000000, 0x0000000084300000, 0x00000000d5580000)
  object space 68608K, 88% used [0x0000000080000000,0x0000000083b3a658,0x0000000084300000)
 Metaspace       used 71828K, committed 73408K, reserved 1114112K
  class space    used 8302K, committed 9024K, reserved 1048576K
}

